*** Using Compiler 'V5.06 update 5 (build 528)', folder: 'C:\Keil_v5\ARM\ARMCC\Bin'
Build target 'Sample'
creating preprocessor file for system_stm32f4xx.c...
creating preprocessor file for stm32f4xx_hal.c...
creating preprocessor file for stm32f4xx_hal_cortex.c...
creating preprocessor file for stm32f4xx_hal_gpio.c...
creating preprocessor file for stm32f4xx_hal_pwr.c...
creating preprocessor file for stm32f4xx_hal_pwr_ex.c...
creating preprocessor file for stm32f4xx_hal_rcc.c...
creating preprocessor file for stm32f4xx_hal_rcc_ex.c...
creating preprocessor file for stm32f4xx_hal_adc.c...
creating preprocessor file for stm32f4xx_hal_adc_ex.c...
creating preprocessor file for stm32f4xx_hal_dma.c...
creating preprocessor file for stm32f4xx_hal_dma_ex.c...
creating preprocessor file for stm32f4xx_hal_i2c.c...
creating preprocessor file for stm32f4xx_hal_i2c_ex.c...
creating preprocessor file for stm32f4xx_hal_spi.c...
creating preprocessor file for stm32f4xx_hal_tim.c...
creating preprocessor file for stm32f4xx_hal_tim_ex.c...
creating preprocessor file for stm32f4xx_hal_usart.c...
creating preprocessor file for main.c...
creating preprocessor file for stm32f4xx_it.c...
compiling main.c...
linking...
Program Size: Code=3310 RO-data=454 RW-data=8 ZI-data=1632  
".\Objects\T2.axf" - 0 Error(s), 0 Warning(s).
Build Time Elapsed:  00:00:03
